<?xml version="1.0" encoding="UTF-8"?>
<!-- Generated by org.testng.reporters.JUnitReportReporter -->
<testsuite hostname="Kaushiks-MacBook-Pro.local" failures="0" tests="3" name="automationtesting.SeleniumFrameWorkDesign.EnterLoginDetails" time="67.080" errors="0" timestamp="2025-02-11T14:06:25 EST" skipped="0">
  <testcase classname="automationtesting.SeleniumFrameWorkDesign.EnterLoginDetails" name="submitOrder" time="28.714"/>
  <testcase classname="automationtesting.SeleniumFrameWorkDesign.EnterLoginDetails" name="orderHistoryTest" time="10.907"/>
  <testcase classname="automationtesting.SeleniumFrameWorkDesign.EnterLoginDetails" name="submitOrder" time="27.459"/>
</testsuite> <!-- automationtesting.SeleniumFrameWorkDesign.EnterLoginDetails -->
