<?xml version="1.0" encoding="UTF-8"?>
<!-- Generated by org.testng.reporters.JUnitReportReporter -->
<testsuite hostname="Kaushiks-MacBook-Pro.local" failures="0" tests="1" name="automationtesting.SeleniumFrameWorkDesign.LoginErrorValidation" time="16.442" errors="0" timestamp="2025-02-11T14:06:25 EST" skipped="0">
  <testcase classname="automationtesting.SeleniumFrameWorkDesign.LoginErrorValidation" name="submitOrder" time="16.442"/>
</testsuite> <!-- automationtesting.SeleniumFrameWorkDesign.LoginErrorValidation -->
