<?xml version="1.0" encoding="UTF-8"?>
<!-- Generated by org.testng.reporters.JUnitReportReporter -->
<testsuite hostname="Kaushiks-MacBook-Pro.local" failures="0" tests="1" name="automationtesting.SeleniumFrameWorkDesign.ErrorValidation" time="12.159" errors="0" timestamp="2025-02-10T13:13:56 EST" skipped="0">
  <testcase classname="automationtesting.SeleniumFrameWorkDesign.ErrorValidation" name="submitOrder" time="12.159"/>
</testsuite> <!-- automationtesting.SeleniumFrameWorkDesign.ErrorValidation -->
