<?xml version="1.0" encoding="UTF-8"?>
<!-- Generated by org.testng.reporters.JUnitReportReporter -->
<testsuite hostname="Kaushiks-MacBook-Pro.local" failures="0" tests="1" name="com.cucumber.TestNGTestRunner" time="32.106" errors="0" timestamp="2025-02-13T10:40:01 EST" skipped="0">
  <testcase classname="com.cucumber.TestNGTestRunner" name="runScenario" time="32.106"/>
</testsuite> <!-- com.cucumber.TestNGTestRunner -->
