<?xml version="1.0" encoding="UTF-8"?>
<!-- Generated by org.testng.reporters.JUnitReportReporter -->
<testsuite hostname="Kaushiks-MacBook-Pro.local" failures="0" tests="3" name="automationtesting.SeleniumFrameWorkDesign.EnterLoginDetails" time="71.230" errors="0" timestamp="2025-02-11T16:11:35 EST" skipped="0">
  <testcase classname="automationtesting.SeleniumFrameWorkDesign.EnterLoginDetails" name="orderHistoryTest" time="16.797"/>
  <testcase classname="automationtesting.SeleniumFrameWorkDesign.EnterLoginDetails" name="submitOrder" time="29.901"/>
  <testcase classname="automationtesting.SeleniumFrameWorkDesign.EnterLoginDetails" name="submitOrder" time="24.532"/>
</testsuite> <!-- automationtesting.SeleniumFrameWorkDesign.EnterLoginDetails -->
