<?xml version="1.0" encoding="UTF-8"?>
<!-- Generated by org.testng.reporters.JUnitReportReporter -->
<testsuite hostname="Kaushiks-MacBook-Pro.local" failures="0" tests="1" name="automationtesting.SeleniumFrameWorkDesign.LoginErrorValidation" time="37.972" errors="0" timestamp="2025-02-11T16:05:06 EST" skipped="0">
  <testcase classname="automationtesting.SeleniumFrameWorkDesign.LoginErrorValidation" name="submitOrder" time="37.972"/>
</testsuite> <!-- automationtesting.SeleniumFrameWorkDesign.LoginErrorValidation -->
